0 info it worked if it ends with ok
1 verbose cli [ '/usr/bin/node', '/usr/bin/npm', 'install', 'twilio' ]
2 info using npm@1.4.28
3 info using node@v0.10.40
4 warn package.json node-todo@0.0.0 No repository field.
5 verbose readDependencies using package.json deps
6 verbose cache add [ 'twilio@~1.5.2', null ]
7 verbose cache add name=undefined spec="twilio@~1.5.2" args=["twilio@~1.5.2",null]
8 verbose parsed url { protocol: null,
8 verbose parsed url   slashes: null,
8 verbose parsed url   auth: null,
8 verbose parsed url   host: null,
8 verbose parsed url   port: null,
8 verbose parsed url   hostname: null,
8 verbose parsed url   hash: null,
8 verbose parsed url   search: null,
8 verbose parsed url   query: null,
8 verbose parsed url   pathname: 'twilio@~1.5.2',
8 verbose parsed url   path: 'twilio@~1.5.2',
8 verbose parsed url   href: 'twilio@~1.5.2' }
9 verbose cache add name="twilio" spec="~1.5.2" args=["twilio","~1.5.2"]
10 verbose parsed url { protocol: null,
10 verbose parsed url   slashes: null,
10 verbose parsed url   auth: null,
10 verbose parsed url   host: null,
10 verbose parsed url   port: null,
10 verbose parsed url   hostname: null,
10 verbose parsed url   hash: null,
10 verbose parsed url   search: null,
10 verbose parsed url   query: null,
10 verbose parsed url   pathname: '~1.5.2',
10 verbose parsed url   path: '~1.5.2',
10 verbose parsed url   href: '~1.5.2' }
11 verbose addNamed [ 'twilio', '~1.5.2' ]
12 verbose addNamed [ null, '>=1.5.2-0 <1.6.0-0' ]
13 silly lockFile fd839027-twilio-1-5-2 twilio@~1.5.2
14 verbose lock twilio@~1.5.2 /home/ec2-user/.npm/fd839027-twilio-1-5-2.lock
15 silly addNameRange { name: 'twilio', range: '>=1.5.2-0 <1.6.0-0', hasData: false }
16 verbose request where is /twilio
17 verbose request registry https://registry.npmjs.org/
18 verbose request id 4132e07f3ce8e06f
19 verbose url raw /twilio
20 verbose url resolving [ 'https://registry.npmjs.org/', './twilio' ]
21 verbose url resolved https://registry.npmjs.org/twilio
22 verbose request where is https://registry.npmjs.org/twilio
23 info trying registry request attempt 1 at 12:43:04
24 verbose etag "2B79YUJMYPF35Y5MXIAKTRNT5"
25 http GET https://registry.npmjs.org/twilio
26 http 304 https://registry.npmjs.org/twilio
27 silly registry.get cb [ 304,
27 silly registry.get   { date: 'Thu, 26 May 2016 19:43:04 GMT',
27 silly registry.get     via: '1.1 varnish',
27 silly registry.get     'cache-control': 'max-age=300',
27 silly registry.get     etag: '"2B79YUJMYPF35Y5MXIAKTRNT5"',
27 silly registry.get     age: '246',
27 silly registry.get     connection: 'keep-alive',
27 silly registry.get     'x-served-by': 'cache-jfk1040-JFK',
27 silly registry.get     'x-cache': 'HIT',
27 silly registry.get     'x-cache-hits': '1',
27 silly registry.get     'x-timer': 'S1464291784.858446,VS0,VE0',
27 silly registry.get     vary: 'Accept-Encoding' } ]
28 verbose etag https://registry.npmjs.org/twilio from cache
29 silly addNameRange number 2 { name: 'twilio', range: '>=1.5.2-0 <1.6.0-0', hasData: true }
30 silly addNameRange versions [ 'twilio',
30 silly addNameRange   [ '0.0.0',
30 silly addNameRange     '0.0.1',
30 silly addNameRange     '0.0.3',
30 silly addNameRange     '0.0.4',
30 silly addNameRange     '0.2.0',
30 silly addNameRange     '0.3.0',
30 silly addNameRange     '0.4.0',
30 silly addNameRange     '0.3.3',
30 silly addNameRange     '0.4.1',
30 silly addNameRange     '0.5.0',
30 silly addNameRange     '0.6.0',
30 silly addNameRange     '0.6.1',
30 silly addNameRange     '0.6.2',
30 silly addNameRange     '0.7.0',
30 silly addNameRange     '0.7.1',
30 silly addNameRange     '0.8.0',
30 silly addNameRange     '0.8.1',
30 silly addNameRange     '1.0.0',
30 silly addNameRange     '1.0.1',
30 silly addNameRange     '1.1.0',
30 silly addNameRange     '1.1.1',
30 silly addNameRange     '1.1.2',
30 silly addNameRange     '1.1.3',
30 silly addNameRange     '1.1.4',
30 silly addNameRange     '1.2.0',
30 silly addNameRange     '1.3.0',
30 silly addNameRange     '1.4.0',
30 silly addNameRange     '1.5.0',
30 silly addNameRange     '1.6.0',
30 silly addNameRange     '1.7.0',
30 silly addNameRange     '1.8.0',
30 silly addNameRange     '1.9.0',
30 silly addNameRange     '1.10.0',
30 silly addNameRange     '1.11.0',
30 silly addNameRange     '1.11.1',
30 silly addNameRange     '2.0.0',
30 silly addNameRange     '2.1.0',
30 silly addNameRange     '2.1.1',
30 silly addNameRange     '2.2.0',
30 silly addNameRange     '2.2.1',
30 silly addNameRange     '2.3.0',
30 silly addNameRange     '2.4.0',
30 silly addNameRange     '2.5.1',
30 silly addNameRange     '2.5.1-edge',
30 silly addNameRange     '2.5.2-edge',
30 silly addNameRange     '2.5.2',
30 silly addNameRange     '3.0.0-edge',
30 silly addNameRange     '2.6.0',
30 silly addNameRange     '2.7.0',
30 silly addNameRange     '3.1.0-edge',
30 silly addNameRange     '3.2.0-edge',
30 silly addNameRange     '2.8.0',
30 silly addNameRange     '2.9.0',
30 silly addNameRange     '3.3.0-edge',
30 silly addNameRange     '3.0.0-rc.2',
30 silly addNameRange     '3.0.0-rc.3',
30 silly addNameRange     '2.9.1' ] ]
31 silly lockFile fd839027-twilio-1-5-2 twilio@~1.5.2
32 silly lockFile fd839027-twilio-1-5-2 twilio@~1.5.2
33 error notarget No compatible version found: twilio@'>=1.5.2-0 <1.6.0-0'
33 error notarget Valid install targets:
33 error notarget ["0.0.0","0.0.1","0.0.3","0.0.4","0.2.0","0.3.0","0.4.0","0.3.3","0.4.1","0.5.0","0.6.0","0.6.1","0.6.2","0.7.0","0.7.1","0.8.0","0.8.1","1.0.0","1.0.1","1.1.0","1.1.1","1.1.2","1.1.3","1.1.4","1.2.0","1.3.0","1.4.0","1.5.0","1.6.0","1.7.0","1.8.0","1.9.0","1.10.0","1.11.0","1.11.1","2.0.0","2.1.0","2.1.1","2.2.0","2.2.1","2.3.0","2.4.0","2.5.1","2.5.1-edge","2.5.2-edge","2.5.2","3.0.0-edge","2.6.0","2.7.0","3.1.0-edge","3.2.0-edge","2.8.0","2.9.0","3.3.0-edge","3.0.0-rc.2","3.0.0-rc.3","2.9.1"]
33 error notarget
33 error notarget This is most likely not a problem with npm itself.
33 error notarget In most cases you or one of your dependencies are requesting
33 error notarget a package version that doesn't exist.
34 error System Linux 3.14.35-28.38.amzn1.x86_64
35 error command "/usr/bin/node" "/usr/bin/npm" "install" "twilio"
36 error cwd /home/ec2-user/enviteclub
37 error node -v v0.10.40
38 error npm -v 1.4.28
39 error code ETARGET
40 verbose exit [ 1, true ]
